\BOOKMARK [0][-]{chapter.1}{ INTRODUCTION }{}% 1
\BOOKMARK [0][-]{chapter.2}{ PRESENTATION DU GROUPE }{}% 2
\BOOKMARK [1][-]{section.2.1}{LE GROUPE SAFRAN }{chapter.2}% 3
\BOOKMARK [1][-]{section.2.2}{ LES FILIALES DE SAFRAN}{chapter.2}% 4
\BOOKMARK [1][-]{section.2.3}{LES VALEURS DE SAFRAN}{chapter.2}% 5
\BOOKMARK [1][-]{section.2.4}{FOCUS SUR SAFRAN ELECTRICAL \046 POWER ET SAFRAN ENGINEERING SERVICES}{chapter.2}% 6
\BOOKMARK [2][-]{subsection.2.4.1}{ SAFRAN ELECTRICAL \046 POWER }{section.2.4}% 7
\BOOKMARK [2][-]{subsection.2.4.2}{SAFRAN ENGINEERING SERVICES}{section.2.4}% 8
\BOOKMARK [0][-]{chapter.3}{LA MISSION DU STAGE}{}% 9
\BOOKMARK [1][-]{section.3.1}{EXPRESSION FONCTIONNELLE DU BESOIN }{chapter.3}% 10
\BOOKMARK [2][-]{subsection.3.1.1}{CONTEXTE DE LA MISSION }{section.3.1}% 11
\BOOKMARK [2][-]{subsection.3.1.2}{ OBJECTIFS DE LA MISSION }{section.3.1}% 12
\BOOKMARK [1][-]{section.3.2}{DEROULEMENT DU PROJET}{chapter.3}% 13
\BOOKMARK [2][-]{subsection.3.2.1}{PLANNING DU PROJET}{section.3.2}% 14
\BOOKMARK [2][-]{subsection.3.2.2}{MODE DE COMMUNICATION}{section.3.2}% 15
\BOOKMARK [1][-]{section.3.3}{TRAVAIL TECHNIQUE}{chapter.3}% 16
\BOOKMARK [2][-]{subsection.3.3.1}{CHOIX DES OUTILS DE DEVELOPPEMENT}{section.3.3}% 17
\BOOKMARK [2][-]{subsection.3.3.2}{BASE DE DONNEES}{section.3.3}% 18
\BOOKMARK [2][-]{subsection.3.3.3}{INTERFACE GRAPHIQUE ET CHOIX DU FRAMEWORK\(JAVA FX\)}{section.3.3}% 19
\BOOKMARK [2][-]{subsection.3.3.4}{ANALYSE DU LOGICIEL}{section.3.3}% 20
\BOOKMARK [3][-]{subsubsection.3.3.4.1}{ ACCESSIBILITE DU LOGICIEL }{subsection.3.3.4}% 21
\BOOKMARK [3][-]{subsubsection.3.3.4.2}{PRINCIPALE EVOLUTION}{subsection.3.3.4}% 22
\BOOKMARK [3][-]{subsubsection.3.3.4.3}{PAGE D'ACCUEIL}{subsection.3.3.4}% 23
\BOOKMARK [3][-]{subsubsection.3.3.4.4}{IDENTIFICATION}{subsection.3.3.4}% 24
\BOOKMARK [3][-]{subsubsection.3.3.4.5}{IMPORTATIONS}{subsection.3.3.4}% 25
\BOOKMARK [3][-]{subsubsection.3.3.4.6}{AFFAIRES ET SOUS AFFAIRES}{subsection.3.3.4}% 26
\BOOKMARK [3][-]{subsubsection.3.3.4.7}{TABLEAU PRINCIPAL}{subsection.3.3.4}% 27
\BOOKMARK [3][-]{subsubsection.3.3.4.8}{SYNTHESE}{subsection.3.3.4}% 28
\BOOKMARK [3][-]{subsubsection.3.3.4.9}{EXPORTATION}{subsection.3.3.4}% 29
\BOOKMARK [3][-]{subsubsection.3.3.4.10}{PARAMETRES}{subsection.3.3.4}% 30
\BOOKMARK [2][-]{subsection.3.3.5}{PERSPECTIVES}{section.3.3}% 31
\BOOKMARK [1][-]{section.3.4}{BILAN PERSONNEL}{chapter.3}% 32
\BOOKMARK [2][-]{subsection.3.4.1}{MAITRE DE STAGE}{section.3.4}% 33
\BOOKMARK [2][-]{subsection.3.4.2}{SERVICE TECHNIQUE}{section.3.4}% 34
\BOOKMARK [2][-]{subsection.3.4.3}{SERVICE INFORMATIQUE}{section.3.4}% 35
\BOOKMARK [2][-]{subsection.3.4.4}{LE SAVOIR ACQUIS}{section.3.4}% 36
\BOOKMARK [2][-]{subsection.3.4.5}{LE SAVOIR-FAIRE}{section.3.4}% 37
\BOOKMARK [2][-]{subsection.3.4.6}{LE SAVOIR-ETRE}{section.3.4}% 38
\BOOKMARK [2][-]{subsection.3.4.7}{COMPETENCES INTER-PERSONNELLES}{section.3.4}% 39
\BOOKMARK [2][-]{subsection.3.4.8}{COMPETENCES INTRA-PERSONNELLES}{section.3.4}% 40
\BOOKMARK [2][-]{subsection.3.4.9}{RESUME DE MES OBSERVATIONS}{section.3.4}% 41
\BOOKMARK [0][-]{chapter.4}{CONCLUSION}{}% 42
\BOOKMARK [-1][-]{chapter*.19}{Annexes}{}% 43
